{"C:\\Users\\h1495\\Desktop\\AMGWEB\\src\\lib\\rateLimit.ts": {"path":"C:\\Users\\h1495\\Desktop\\AMGWEB\\src\\lib\\rateLimit.ts","statementMap":{"0":{"start":{"line":16,"column":39},"end":{"line":16,"column":null}},"1":{"start":{"line":22,"column":14},"end":{"line":22,"column":null}},"2":{"start":{"line":23,"column":2},"end":{"line":27,"column":null}},"3":{"start":{"line":24,"column":4},"end":{"line":26,"column":null}},"4":{"start":{"line":25,"column":6},"end":{"line":25,"column":null}},"5":{"start":{"line":38,"column":2},"end":{"line":38,"column":null}},"6":{"start":{"line":40,"column":14},"end":{"line":40,"column":null}},"7":{"start":{"line":43,"column":2},"end":{"line":54,"column":null}},"8":{"start":{"line":44,"column":4},"end":{"line":47,"column":null}},"9":{"start":{"line":49,"column":4},"end":{"line":53,"column":null}},"10":{"start":{"line":56,"column":16},"end":{"line":56,"column":null}},"11":{"start":{"line":59,"column":2},"end":{"line":68,"column":null}},"12":{"start":{"line":60,"column":4},"end":{"line":60,"column":null}},"13":{"start":{"line":61,"column":4},"end":{"line":61,"column":null}},"14":{"start":{"line":63,"column":4},"end":{"line":67,"column":null}},"15":{"start":{"line":71,"column":2},"end":{"line":71,"column":null}},"16":{"start":{"line":74,"column":2},"end":{"line":83,"column":null}},"17":{"start":{"line":75,"column":23},"end":{"line":75,"column":null}},"18":{"start":{"line":77,"column":4},"end":{"line":82,"column":null}},"19":{"start":{"line":85,"column":2},"end":{"line":89,"column":null}},"20":{"start":{"line":97,"column":14},"end":{"line":97,"column":null}},"21":{"start":{"line":98,"column":22},"end":{"line":98,"column":null}},"22":{"start":{"line":99,"column":19},"end":{"line":99,"column":null}},"23":{"start":{"line":101,"column":2},"end":{"line":101,"column":null}},"24":{"start":{"line":109,"column":14},"end":{"line":109,"column":null}},"25":{"start":{"line":110,"column":22},"end":{"line":110,"column":null}},"26":{"start":{"line":111,"column":19},"end":{"line":111,"column":null}},"27":{"start":{"line":113,"column":2},"end":{"line":113,"column":null}},"28":{"start":{"line":119,"column":36},"end":{"line":119,"column":null}},"29":{"start":{"line":126,"column":8},"end":{"line":126,"column":null}},"30":{"start":{"line":127,"column":19},"end":{"line":127,"column":null}},"31":{"start":{"line":129,"column":2},"end":{"line":129,"column":null}},"32":{"start":{"line":132,"column":2},"end":{"line":134,"column":null}},"33":{"start":{"line":133,"column":4},"end":{"line":133,"column":null}},"34":{"start":{"line":136,"column":2},"end":{"line":136,"column":null}},"35":{"start":{"line":143,"column":2},"end":{"line":143,"column":null}},"36":{"start":{"line":150,"column":2},"end":{"line":150,"column":null}},"37":{"start":{"line":151,"column":2},"end":{"line":151,"column":null}}},"fnMap":{"0":{"name":"cleanupExpiredEntries","decl":{"start":{"line":21,"column":9},"end":{"line":21,"column":33}},"loc":{"start":{"line":21,"column":33},"end":{"line":28,"column":null}},"line":21},"1":{"name":"checkRateLimit","decl":{"start":{"line":33,"column":9},"end":{"line":33,"column":null}},"loc":{"start":{"line":37,"column":19},"end":{"line":90,"column":null}},"line":37},"2":{"name":"checkRateLimitByIP","decl":{"start":{"line":96,"column":16},"end":{"line":96,"column":35}},"loc":{"start":{"line":96,"column":64},"end":{"line":102,"column":null}},"line":96},"3":{"name":"checkRateLimitByEmail","decl":{"start":{"line":108,"column":16},"end":{"line":108,"column":38}},"loc":{"start":{"line":108,"column":70},"end":{"line":114,"column":null}},"line":108},"4":{"name":"logFailedAttempt","decl":{"start":{"line":121,"column":16},"end":{"line":121,"column":null}},"loc":{"start":{"line":125,"column":8},"end":{"line":137,"column":null}},"line":125},"5":{"name":"getFailedAttemptsLog","decl":{"start":{"line":142,"column":16},"end":{"line":142,"column":49}},"loc":{"start":{"line":142,"column":49},"end":{"line":144,"column":null}},"line":142},"6":{"name":"getRateLimitStatus","decl":{"start":{"line":149,"column":16},"end":{"line":149,"column":53}},"loc":{"start":{"line":149,"column":53},"end":{"line":152,"column":null}},"line":149}},"branchMap":{"0":{"loc":{"start":{"line":24,"column":4},"end":{"line":26,"column":null}},"type":"if","locations":[{"start":{"line":24,"column":4},"end":{"line":26,"column":null}},{"start":{},"end":{}}],"line":24},"1":{"loc":{"start":{"line":43,"column":2},"end":{"line":54,"column":null}},"type":"if","locations":[{"start":{"line":43,"column":2},"end":{"line":54,"column":null}},{"start":{},"end":{}}],"line":43},"2":{"loc":{"start":{"line":59,"column":2},"end":{"line":68,"column":null}},"type":"if","locations":[{"start":{"line":59,"column":2},"end":{"line":68,"column":null}},{"start":{},"end":{}}],"line":59},"3":{"loc":{"start":{"line":74,"column":2},"end":{"line":83,"column":null}},"type":"if","locations":[{"start":{"line":74,"column":2},"end":{"line":83,"column":null}},{"start":{},"end":{}}],"line":74},"4":{"loc":{"start":{"line":132,"column":2},"end":{"line":134,"column":null}},"type":"if","locations":[{"start":{"line":132,"column":2},"end":{"line":134,"column":null}},{"start":{},"end":{}}],"line":132}},"s":{"0":1,"1":46,"2":46,"3":146,"4":0,"5":46,"6":46,"7":46,"8":7,"9":7,"10":39,"11":39,"12":0,"13":0,"14":0,"15":39,"16":39,"17":2,"18":2,"19":37,"20":32,"21":32,"22":32,"23":32,"24":14,"25":14,"26":14,"27":14,"28":1,"29":0,"30":0,"31":0,"32":0,"33":0,"34":0,"35":0,"36":0,"37":0},"f":{"0":46,"1":46,"2":32,"3":14,"4":0,"5":0,"6":0},"b":{"0":[0,146],"1":[7,39],"2":[0,39],"3":[2,37],"4":[0,0]},"meta":{"lastBranch":5,"lastFunction":7,"lastStatement":38,"seen":{"s:16:39:16:Infinity":0,"f:21:9:21:33":0,"s:22:14:22:Infinity":1,"s:23:2:27:Infinity":2,"b:24:4:26:Infinity:undefined:undefined:undefined:undefined":0,"s:24:4:26:Infinity":3,"s:25:6:25:Infinity":4,"f:33:9:33:Infinity":1,"s:38:2:38:Infinity":5,"s:40:14:40:Infinity":6,"b:43:2:54:Infinity:undefined:undefined:undefined:undefined":1,"s:43:2:54:Infinity":7,"s:44:4:47:Infinity":8,"s:49:4:53:Infinity":9,"s:56:16:56:Infinity":10,"b:59:2:68:Infinity:undefined:undefined:undefined:undefined":2,"s:59:2:68:Infinity":11,"s:60:4:60:Infinity":12,"s:61:4:61:Infinity":13,"s:63:4:67:Infinity":14,"s:71:2:71:Infinity":15,"b:74:2:83:Infinity:undefined:undefined:undefined:undefined":3,"s:74:2:83:Infinity":16,"s:75:23:75:Infinity":17,"s:77:4:82:Infinity":18,"s:85:2:89:Infinity":19,"f:96:16:96:35":2,"s:97:14:97:Infinity":20,"s:98:22:98:Infinity":21,"s:99:19:99:Infinity":22,"s:101:2:101:Infinity":23,"f:108:16:108:38":3,"s:109:14:109:Infinity":24,"s:110:22:110:Infinity":25,"s:111:19:111:Infinity":26,"s:113:2:113:Infinity":27,"s:119:36:119:Infinity":28,"f:121:16:121:Infinity":4,"s:126:8:126:Infinity":29,"s:127:19:127:Infinity":30,"s:129:2:129:Infinity":31,"b:132:2:134:Infinity:undefined:undefined:undefined:undefined":4,"s:132:2:134:Infinity":32,"s:133:4:133:Infinity":33,"s:136:2:136:Infinity":34,"f:142:16:142:49":5,"s:143:2:143:Infinity":35,"f:149:16:149:53":6,"s:150:2:150:Infinity":36,"s:151:2:151:Infinity":37}}}
,"C:\\Users\\h1495\\Desktop\\AMGWEB\\src\\utils\\validation.ts": {"path":"C:\\Users\\h1495\\Desktop\\AMGWEB\\src\\utils\\validation.ts","statementMap":{"0":{"start":{"line":9,"column":27},"end":{"line":13,"column":null}},"1":{"start":{"line":15,"column":30},"end":{"line":19,"column":null}},"2":{"start":{"line":23,"column":19},"end":{"line":23,"column":null}},"3":{"start":{"line":24,"column":16},"end":{"line":24,"column":null}},"4":{"start":{"line":26,"column":2},"end":{"line":28,"column":null}},"5":{"start":{"line":27,"column":4},"end":{"line":27,"column":null}},"6":{"start":{"line":30,"column":22},"end":{"line":30,"column":null}},"7":{"start":{"line":31,"column":19},"end":{"line":31,"column":null}},"8":{"start":{"line":32,"column":12},"end":{"line":32,"column":null}},"9":{"start":{"line":33,"column":19},"end":{"line":33,"column":null}},"10":{"start":{"line":35,"column":2},"end":{"line":38,"column":null}},"11":{"start":{"line":36,"column":4},"end":{"line":36,"column":null}},"12":{"start":{"line":37,"column":4},"end":{"line":37,"column":null}},"13":{"start":{"line":40,"column":8},"end":{"line":40,"column":null}},"14":{"start":{"line":41,"column":19},"end":{"line":41,"column":null}},"15":{"start":{"line":43,"column":2},"end":{"line":45,"column":null}},"16":{"start":{"line":44,"column":4},"end":{"line":44,"column":null}},"17":{"start":{"line":47,"column":2},"end":{"line":47,"column":null}},"18":{"start":{"line":50,"column":25},"end":{"line":55,"column":null}},"19":{"start":{"line":53,"column":20},"end":{"line":53,"column":56}},"20":{"start":{"line":54,"column":17},"end":{"line":54,"column":52}},"21":{"start":{"line":58,"column":27},"end":{"line":71,"column":null}},"22":{"start":{"line":66,"column":18},"end":{"line":66,"column":null}},"23":{"start":{"line":67,"column":4},"end":{"line":67,"column":null}},"24":{"start":{"line":67,"column":32},"end":{"line":67,"column":null}},"25":{"start":{"line":68,"column":4},"end":{"line":68,"column":null}},"26":{"start":{"line":68,"column":31},"end":{"line":68,"column":null}},"27":{"start":{"line":69,"column":4},"end":{"line":69,"column":null}},"28":{"start":{"line":69,"column":32},"end":{"line":69,"column":null}},"29":{"start":{"line":70,"column":4},"end":{"line":70,"column":null}},"30":{"start":{"line":74,"column":38},"end":{"line":109,"column":null}},"31":{"start":{"line":112,"column":30},"end":{"line":153,"column":null}},"32":{"start":{"line":128,"column":19},"end":{"line":128,"column":59}},"33":{"start":{"line":156,"column":37},"end":{"line":163,"column":null}},"34":{"start":{"line":166,"column":27},"end":{"line":169,"column":null}},"35":{"start":{"line":172,"column":30},"end":{"line":183,"column":null}}},"fnMap":{"0":{"name":"validateChileRUT","decl":{"start":{"line":22,"column":9},"end":{"line":22,"column":26}},"loc":{"start":{"line":22,"column":47},"end":{"line":48,"column":null}},"line":22},"1":{"name":"(anonymous_1)","decl":{"start":{"line":53,"column":13},"end":{"line":53,"column":20}},"loc":{"start":{"line":53,"column":20},"end":{"line":53,"column":56}},"line":53},"2":{"name":"(anonymous_2)","decl":{"start":{"line":54,"column":10},"end":{"line":54,"column":17}},"loc":{"start":{"line":54,"column":17},"end":{"line":54,"column":52}},"line":54},"3":{"name":"(anonymous_3)","decl":{"start":{"line":65,"column":13},"end":{"line":65,"column":20}},"loc":{"start":{"line":65,"column":20},"end":{"line":71,"column":3}},"line":65},"4":{"name":"(anonymous_4)","decl":{"start":{"line":128,"column":12},"end":{"line":128,"column":19}},"loc":{"start":{"line":128,"column":19},"end":{"line":128,"column":59}},"line":128}},"branchMap":{"0":{"loc":{"start":{"line":26,"column":2},"end":{"line":28,"column":null}},"type":"if","locations":[{"start":{"line":26,"column":2},"end":{"line":28,"column":null}},{"start":{},"end":{}}],"line":26},"1":{"loc":{"start":{"line":37,"column":17},"end":{"line":37,"column":null}},"type":"cond-expr","locations":[{"start":{"line":37,"column":36},"end":{"line":37,"column":40}},{"start":{"line":37,"column":40},"end":{"line":37,"column":null}}],"line":37},"2":{"loc":{"start":{"line":41,"column":19},"end":{"line":41,"column":null}},"type":"cond-expr","locations":[{"start":{"line":41,"column":41},"end":{"line":41,"column":47}},{"start":{"line":41,"column":47},"end":{"line":41,"column":null}}],"line":41},"3":{"loc":{"start":{"line":41,"column":47},"end":{"line":41,"column":null}},"type":"cond-expr","locations":[{"start":{"line":41,"column":69},"end":{"line":41,"column":75}},{"start":{"line":41,"column":75},"end":{"line":41,"column":null}}],"line":41},"4":{"loc":{"start":{"line":43,"column":2},"end":{"line":45,"column":null}},"type":"if","locations":[{"start":{"line":43,"column":2},"end":{"line":45,"column":null}},{"start":{},"end":{}}],"line":43},"5":{"loc":{"start":{"line":67,"column":4},"end":{"line":67,"column":null}},"type":"if","locations":[{"start":{"line":67,"column":4},"end":{"line":67,"column":null}},{"start":{},"end":{}}],"line":67},"6":{"loc":{"start":{"line":68,"column":4},"end":{"line":68,"column":null}},"type":"if","locations":[{"start":{"line":68,"column":4},"end":{"line":68,"column":null}},{"start":{},"end":{}}],"line":68},"7":{"loc":{"start":{"line":69,"column":4},"end":{"line":69,"column":null}},"type":"if","locations":[{"start":{"line":69,"column":4},"end":{"line":69,"column":null}},{"start":{},"end":{}}],"line":69}},"s":{"0":1,"1":1,"2":7,"3":7,"4":7,"5":0,"6":7,"7":7,"8":7,"9":7,"10":7,"11":56,"12":56,"13":7,"14":7,"15":7,"16":0,"17":7,"18":1,"19":9,"20":9,"21":1,"22":8,"23":8,"24":7,"25":1,"26":1,"27":0,"28":0,"29":0,"30":1,"31":1,"32":7,"33":1,"34":1,"35":1},"f":{"0":7,"1":9,"2":9,"3":8,"4":7},"b":{"0":[0,7],"1":[7,49],"2":[0,7],"3":[7,0],"4":[0,7],"5":[7,1],"6":[1,0],"7":[0,0]},"meta":{"lastBranch":8,"lastFunction":5,"lastStatement":36,"seen":{"s:9:27:13:Infinity":0,"s:15:30:19:Infinity":1,"f:22:9:22:26":0,"s:23:19:23:Infinity":2,"s:24:16:24:Infinity":3,"b:26:2:28:Infinity:undefined:undefined:undefined:undefined":0,"s:26:2:28:Infinity":4,"s:27:4:27:Infinity":5,"s:30:22:30:Infinity":6,"s:31:19:31:Infinity":7,"s:32:12:32:Infinity":8,"s:33:19:33:Infinity":9,"s:35:2:38:Infinity":10,"s:36:4:36:Infinity":11,"s:37:4:37:Infinity":12,"b:37:36:37:40:37:40:37:Infinity":1,"s:40:8:40:Infinity":13,"s:41:19:41:Infinity":14,"b:41:41:41:47:41:47:41:Infinity":2,"b:41:69:41:75:41:75:41:Infinity":3,"b:43:2:45:Infinity:undefined:undefined:undefined:undefined":4,"s:43:2:45:Infinity":15,"s:44:4:44:Infinity":16,"s:47:2:47:Infinity":17,"s:50:25:55:Infinity":18,"f:53:13:53:20":1,"s:53:20:53:56":19,"f:54:10:54:17":2,"s:54:17:54:52":20,"s:58:27:71:Infinity":21,"f:65:13:65:20":3,"s:66:18:66:Infinity":22,"b:67:4:67:Infinity:undefined:undefined:undefined:undefined":5,"s:67:4:67:Infinity":23,"s:67:32:67:Infinity":24,"b:68:4:68:Infinity:undefined:undefined:undefined:undefined":6,"s:68:4:68:Infinity":25,"s:68:31:68:Infinity":26,"b:69:4:69:Infinity:undefined:undefined:undefined:undefined":7,"s:69:4:69:Infinity":27,"s:69:32:69:Infinity":28,"s:70:4:70:Infinity":29,"s:74:38:109:Infinity":30,"s:112:30:153:Infinity":31,"f:128:12:128:19":4,"s:128:19:128:59":32,"s:156:37:163:Infinity":33,"s:166:27:169:Infinity":34,"s:172:30:183:Infinity":35}}}
}
